<?xml version="1.0" encoding="UTF-8"?>
<testsuite name="ru.stqa.pft.sandbox.FindDistanceTest" tests="1" skipped="0" failures="0" errors="0" timestamp="2020-02-13T17:31:05" hostname="DESKTOP-67QVSUB" time="0.005">
  <properties/>
  <testcase name="testDistance" classname="ru.stqa.pft.sandbox.FindDistanceTest" time="0.005"/>
  <system-out><![CDATA[]]></system-out>
  <system-err><![CDATA[]]></system-err>
</testsuite>
