<?xml version="1.0" encoding="UTF-8"?>
<testsuite name="ru.stqa.pft.sandbox.FindDistanceTest" tests="1" skipped="0" failures="0" errors="0" timestamp="2020-02-17T13:13:34" hostname="WL355549" time="0.018">
  <properties/>
  <testcase name="testDistance" classname="ru.stqa.pft.sandbox.FindDistanceTest" time="0.018"/>
  <system-out><![CDATA[]]></system-out>
  <system-err><![CDATA[]]></system-err>
</testsuite>
